2025-02-23 00:31:46 INFO  TC001_AccountRegistrationTest:15 - ***** Starting TC001_AccountRegistrationTest  ****
2025-02-23 00:31:47 INFO  TC001_AccountRegistrationTest:21 - Clicked on MyAccount Link.. 
2025-02-23 00:31:47 INFO  TC001_AccountRegistrationTest:24 - Clicked on Register Link.. 
2025-02-23 00:31:47 INFO  TC001_AccountRegistrationTest:28 - Providing customer details...
2025-02-23 00:31:49 INFO  TC001_AccountRegistrationTest:42 - Validating expected message..
2025-02-23 00:31:49 INFO  TC001_AccountRegistrationTest:47 - Test passed
2025-02-23 00:31:49 INFO  TC001_AccountRegistrationTest:56 - ***** Finished TC001_AccountRegistrationTest *****
2025-02-23 00:31:53 INFO  TC002_LoginTest:16 - ****** Startign TC_002_LoginTest *****
2025-02-23 00:31:54 INFO  TC002_LoginTest:41 - ****** Finished TC_002_LoginTest *****
2025-02-23 11:49:08 INFO  TC001_AccountRegistrationTest:15 - ***** Starting TC001_AccountRegistrationTest  ****
2025-02-23 11:49:08 INFO  TC001_AccountRegistrationTest:21 - Clicked on MyAccount Link.. 
2025-02-23 11:49:09 INFO  TC001_AccountRegistrationTest:24 - Clicked on Register Link.. 
2025-02-23 11:49:09 INFO  TC001_AccountRegistrationTest:28 - Providing customer details...
2025-02-23 11:49:11 INFO  TC001_AccountRegistrationTest:42 - Validating expected message..
2025-02-23 11:49:11 INFO  TC001_AccountRegistrationTest:47 - Test passed
2025-02-23 11:49:11 INFO  TC001_AccountRegistrationTest:56 - ***** Finished TC001_AccountRegistrationTest *****
2025-02-23 11:49:13 INFO  TC002_LoginTest:16 - ****** Startign TC_002_LoginTest *****
2025-02-23 11:49:15 INFO  TC002_LoginTest:41 - ****** Finished TC_002_LoginTest *****
2025-02-23 11:50:16 INFO  TC001_AccountRegistrationTest:15 - ***** Starting TC001_AccountRegistrationTest  ****
2025-02-23 11:50:16 INFO  TC001_AccountRegistrationTest:21 - Clicked on MyAccount Link.. 
2025-02-23 11:50:17 INFO  TC001_AccountRegistrationTest:24 - Clicked on Register Link.. 
2025-02-23 11:50:17 INFO  TC001_AccountRegistrationTest:28 - Providing customer details...
2025-02-23 11:50:18 INFO  TC001_AccountRegistrationTest:42 - Validating expected message..
2025-02-23 11:50:18 INFO  TC001_AccountRegistrationTest:47 - Test passed
2025-02-23 11:50:18 INFO  TC001_AccountRegistrationTest:56 - ***** Finished TC001_AccountRegistrationTest *****
2025-02-23 11:50:20 INFO  TC002_LoginTest:16 - ****** Startign TC_002_LoginTest *****
2025-02-23 11:50:22 INFO  TC002_LoginTest:41 - ****** Finished TC_002_LoginTest *****
